3. Kiran Remote Control App/app/build/intermediates/manifest_merge_blame_file/debug/manifest-merger-blame-debug-report.txt
1<?xml version="1.0" encoding="utf-8"?>
2<manifest xmlns:android="http://schemas.android.com/apk/res/android"
3    package="com.kiran.remote"
4    android:versionCode="1"
5    android:versionName="1.0" >
6
7    <uses-sdk
8        android:minSdkVersion="24"
9        android:targetSdkVersion="33" />
10
11    <uses-permission android:name="android.permission.INTERNET" />
11-->src\main\AndroidManifest.xml:5:5-67
11-->src\main\AndroidManifest.xml:5:22-64
12    <uses-permission android:name="android.permission.ACCESS_NETWORK_STATE" />
12-->src\main\AndroidManifest.xml:6:5-79
12-->src\main\AndroidManifest.xml:6:22-76
13    <uses-permission android:name="android.permission.ACCESS_WIFI_STATE" />
13-->src\main\AndroidManifest.xml:7:5-76
13-->src\main\AndroidManifest.xml:7:22-73
14    <uses-permission android:name="android.permission.CHANGE_WIFI_MULTICAST_STATE" />
14-->src\main\AndroidManifest.xml:8:5-86
14-->src\main\AndroidManifest.xml:8:22-83
15    <uses-permission android:name="android.permission.ACCESS_FINE_LOCATION" />
15-->src\main\AndroidManifest.xml:9:5-79
15-->src\main\AndroidManifest.xml:9:22-76
16    <uses-permission android:name="android.permission.ACCESS_COARSE_LOCATION" />
16-->src\main\AndroidManifest.xml:10:5-81
16-->src\main\AndroidManifest.xml:10:22-78
17
18    <permission
18-->[androidx.core:core:1.10.1] AndroidManifest.xml:22:5-24:47
19        android:name="com.kiran.remote.DYNAMIC_RECEIVER_NOT_EXPORTED_PERMISSION"
19-->[androidx.core:core:1.10.1] AndroidManifest.xml:23:9-81
20        android:protectionLevel="signature" />
20-->[androidx.core:core:1.10.1] AndroidManifest.xml:24:9-44
21
22    <uses-permission android:name="com.kiran.remote.DYNAMIC_RECEIVER_NOT_EXPORTED_PERMISSION" />
22-->[androidx.core:core:1.10.1] AndroidManifest.xml:26:5-97
22-->[androidx.core:core:1.10.1] AndroidManifest.xml:26:22-94
23
24    <application
24-->src\main\AndroidManifest.xml:12:5-35:19
25        android:allowBackup="true"
25-->src\main\AndroidManifest.xml:13:9-35
26        android:appComponentFactory="androidx.core.app.CoreComponentFactory"
26-->[androidx.core:core:1.10.1] AndroidManifest.xml:28:18-86
27        android:debuggable="true"
28        android:extractNativeLibs="false"
29        android:icon="@mipmap/ic_launcher"
29-->src\main\AndroidManifest.xml:14:9-43
30        android:label="Kiran Remote"
30-->src\main\AndroidManifest.xml:15:9-37
31        android:roundIcon="@mipmap/ic_launcher_round"
31-->src\main\AndroidManifest.xml:16:9-54
32        android:supportsRtl="true"
32-->src\main\AndroidManifest.xml:17:9-35
33        android:testOnly="true"
34        android:theme="@style/Theme.KiranRemote" >
34-->src\main\AndroidManifest.xml:18:9-49
35        <activity
35-->src\main\AndroidManifest.xml:21:9-28:20
36            android:name="com.kiran.remote.MainActivity"
36-->src\main\AndroidManifest.xml:22:13-41
37            android:exported="true" >
37-->src\main\AndroidManifest.xml:23:13-36
38            <intent-filter>
38-->src\main\AndroidManifest.xml:24:13-27:29
39                <action android:name="android.intent.action.MAIN" />
39-->src\main\AndroidManifest.xml:25:17-69
39-->src\main\AndroidManifest.xml:25:25-66
40
41                <category android:name="android.intent.category.LAUNCHER" />
41-->src\main\AndroidManifest.xml:26:17-77
41-->src\main\AndroidManifest.xml:26:27-74
42            </intent-filter>
43        </activity>
44        <activity
44-->src\main\AndroidManifest.xml:30:9-34:40
45            android:name="com.kiran.remote.ReceiverActivity"
45-->src\main\AndroidManifest.xml:31:13-45
46            android:exported="false"
46-->src\main\AndroidManifest.xml:34:13-37
47            android:label="Remote Control"
47-->src\main\AndroidManifest.xml:32:13-43
48            android:screenOrientation="portrait" />
48-->src\main\AndroidManifest.xml:33:13-49
49
50        <provider
50-->[androidx.emoji2:emoji2:1.2.0] AndroidManifest.xml:24:9-32:20
51            android:name="androidx.startup.InitializationProvider"
51-->[androidx.emoji2:emoji2:1.2.0] AndroidManifest.xml:25:13-67
52            android:authorities="com.kiran.remote.androidx-startup"
52-->[androidx.emoji2:emoji2:1.2.0] AndroidManifest.xml:26:13-68
53            android:exported="false" >
53-->[androidx.emoji2:emoji2:1.2.0] AndroidManifest.xml:27:13-37
54            <meta-data
54-->[androidx.emoji2:emoji2:1.2.0] AndroidManifest.xml:29:13-31:52
55                android:name="androidx.emoji2.text.EmojiCompatInitializer"
55-->[androidx.emoji2:emoji2:1.2.0] AndroidManifest.xml:30:17-75
56                android:value="androidx.startup" />
56-->[androidx.emoji2:emoji2:1.2.0] AndroidManifest.xml:31:17-49
57            <meta-data
57-->[androidx.lifecycle:lifecycle-process:2.4.1] AndroidManifest.xml:31:13-33:52
58                android:name="androidx.lifecycle.ProcessLifecycleInitializer"
58-->[androidx.lifecycle:lifecycle-process:2.4.1] AndroidManifest.xml:32:17-78
59                android:value="androidx.startup" />
59-->[androidx.lifecycle:lifecycle-process:2.4.1] AndroidManifest.xml:33:17-49
60        </provider>
61    </application>
62
63</manifest>